Performing C SOURCE FILE Test LIBOMP_HAVE_WNO_UNUSED_LOCAL_TYPEDEF_FLAG failed with the following output:
Change Dir: /home/nico/stage/runtime-build/CMakeFiles/CMakeTmp

Run Build Command:"/usr/bin/make" "cmTryCompileExec1421570421/fast"
/usr/bin/make -f CMakeFiles/cmTryCompileExec1421570421.dir/build.make CMakeFiles/cmTryCompileExec1421570421.dir/build
make[1]: Entering directory '/home/nico/stage/runtime-build/CMakeFiles/CMakeTmp'
/usr/bin/cmake -E cmake_progress_report /home/nico/stage/runtime-build/CMakeFiles/CMakeTmp/CMakeFiles 1
Building C object CMakeFiles/cmTryCompileExec1421570421.dir/src.c.o
/usr/bin/gcc   -DLIBOMP_HAVE_WNO_UNUSED_LOCAL_TYPEDEF_FLAG   -Wunused-local-typedef -o CMakeFiles/cmTryCompileExec1421570421.dir/src.c.o   -c /home/nico/stage/runtime-build/CMakeFiles/CMakeTmp/src.c
gcc: error: unrecognized command line option '-Wunused-local-typedef'
CMakeFiles/cmTryCompileExec1421570421.dir/build.make:57: recipe for target 'CMakeFiles/cmTryCompileExec1421570421.dir/src.c.o' failed
make[1]: *** [CMakeFiles/cmTryCompileExec1421570421.dir/src.c.o] Error 1
make[1]: Leaving directory '/home/nico/stage/runtime-build/CMakeFiles/CMakeTmp'
Makefile:117: recipe for target 'cmTryCompileExec1421570421/fast' failed
make: *** [cmTryCompileExec1421570421/fast] Error 2

Source file was:
int main(void) { return 0; }
Performing C SOURCE FILE Test LIBOMP_HAVE_WNO_COVERED_SWITCH_DEFAULT_FLAG failed with the following output:
Change Dir: /home/nico/stage/runtime-build/CMakeFiles/CMakeTmp

Run Build Command:"/usr/bin/make" "cmTryCompileExec1868645389/fast"
/usr/bin/make -f CMakeFiles/cmTryCompileExec1868645389.dir/build.make CMakeFiles/cmTryCompileExec1868645389.dir/build
make[1]: Entering directory '/home/nico/stage/runtime-build/CMakeFiles/CMakeTmp'
/usr/bin/cmake -E cmake_progress_report /home/nico/stage/runtime-build/CMakeFiles/CMakeTmp/CMakeFiles 1
Building C object CMakeFiles/cmTryCompileExec1868645389.dir/src.c.o
/usr/bin/gcc   -DLIBOMP_HAVE_WNO_COVERED_SWITCH_DEFAULT_FLAG   -Wcovered-switch-default -o CMakeFiles/cmTryCompileExec1868645389.dir/src.c.o   -c /home/nico/stage/runtime-build/CMakeFiles/CMakeTmp/src.c
gcc: error: unrecognized command line option '-Wcovered-switch-default'
CMakeFiles/cmTryCompileExec1868645389.dir/build.make:57: recipe for target 'CMakeFiles/cmTryCompileExec1868645389.dir/src.c.o' failed
make[1]: *** [CMakeFiles/cmTryCompileExec1868645389.dir/src.c.o] Error 1
make[1]: Leaving directory '/home/nico/stage/runtime-build/CMakeFiles/CMakeTmp'
Makefile:117: recipe for target 'cmTryCompileExec1868645389/fast' failed
make: *** [cmTryCompileExec1868645389/fast] Error 2

Source file was:
int main(void) { return 0; }
Performing C SOURCE FILE Test LIBOMP_HAVE_WNO_DEPRECATED_REGISTER_FLAG failed with the following output:
Change Dir: /home/nico/stage/runtime-build/CMakeFiles/CMakeTmp

Run Build Command:"/usr/bin/make" "cmTryCompileExec3405568950/fast"
/usr/bin/make -f CMakeFiles/cmTryCompileExec3405568950.dir/build.make CMakeFiles/cmTryCompileExec3405568950.dir/build
make[1]: Entering directory '/home/nico/stage/runtime-build/CMakeFiles/CMakeTmp'
/usr/bin/cmake -E cmake_progress_report /home/nico/stage/runtime-build/CMakeFiles/CMakeTmp/CMakeFiles 1
Building C object CMakeFiles/cmTryCompileExec3405568950.dir/src.c.o
/usr/bin/gcc   -DLIBOMP_HAVE_WNO_DEPRECATED_REGISTER_FLAG   -Wdeprecated-register -o CMakeFiles/cmTryCompileExec3405568950.dir/src.c.o   -c /home/nico/stage/runtime-build/CMakeFiles/CMakeTmp/src.c
gcc: error: unrecognized command line option '-Wdeprecated-register'
CMakeFiles/cmTryCompileExec3405568950.dir/build.make:57: recipe for target 'CMakeFiles/cmTryCompileExec3405568950.dir/src.c.o' failed
make[1]: *** [CMakeFiles/cmTryCompileExec3405568950.dir/src.c.o] Error 1
make[1]: Leaving directory '/home/nico/stage/runtime-build/CMakeFiles/CMakeTmp'
Makefile:117: recipe for target 'cmTryCompileExec3405568950/fast' failed
make: *** [cmTryCompileExec3405568950/fast] Error 2

Source file was:
int main(void) { return 0; }
Performing C SOURCE FILE Test LIBOMP_HAVE_WNO_GNU_ANONYMOUS_STRUCT_FLAG failed with the following output:
Change Dir: /home/nico/stage/runtime-build/CMakeFiles/CMakeTmp

Run Build Command:"/usr/bin/make" "cmTryCompileExec434881802/fast"
/usr/bin/make -f CMakeFiles/cmTryCompileExec434881802.dir/build.make CMakeFiles/cmTryCompileExec434881802.dir/build
make[1]: Entering directory '/home/nico/stage/runtime-build/CMakeFiles/CMakeTmp'
/usr/bin/cmake -E cmake_progress_report /home/nico/stage/runtime-build/CMakeFiles/CMakeTmp/CMakeFiles 1
Building C object CMakeFiles/cmTryCompileExec434881802.dir/src.c.o
/usr/bin/gcc   -DLIBOMP_HAVE_WNO_GNU_ANONYMOUS_STRUCT_FLAG   -Wgnu-anonymous-struct -o CMakeFiles/cmTryCompileExec434881802.dir/src.c.o   -c /home/nico/stage/runtime-build/CMakeFiles/CMakeTmp/src.c
gcc: error: unrecognized command line option '-Wgnu-anonymous-struct'
CMakeFiles/cmTryCompileExec434881802.dir/build.make:57: recipe for target 'CMakeFiles/cmTryCompileExec434881802.dir/src.c.o' failed
make[1]: Leaving directory '/home/nico/stage/runtime-build/CMakeFiles/CMakeTmp'
make[1]: *** [CMakeFiles/cmTryCompileExec434881802.dir/src.c.o] Error 1
Makefile:117: recipe for target 'cmTryCompileExec434881802/fast' failed
make: *** [cmTryCompileExec434881802/fast] Error 2

Source file was:
int main(void) { return 0; }
Performing C SOURCE FILE Test LIBOMP_HAVE_WNO_SELF_ASSIGN_FLAG failed with the following output:
Change Dir: /home/nico/stage/runtime-build/CMakeFiles/CMakeTmp

Run Build Command:"/usr/bin/make" "cmTryCompileExec1952453673/fast"
/usr/bin/make -f CMakeFiles/cmTryCompileExec1952453673.dir/build.make CMakeFiles/cmTryCompileExec1952453673.dir/build
make[1]: Entering directory '/home/nico/stage/runtime-build/CMakeFiles/CMakeTmp'
/usr/bin/cmake -E cmake_progress_report /home/nico/stage/runtime-build/CMakeFiles/CMakeTmp/CMakeFiles 1
Building C object CMakeFiles/cmTryCompileExec1952453673.dir/src.c.o
/usr/bin/gcc   -DLIBOMP_HAVE_WNO_SELF_ASSIGN_FLAG   -Wself-assign -o CMakeFiles/cmTryCompileExec1952453673.dir/src.c.o   -c /home/nico/stage/runtime-build/CMakeFiles/CMakeTmp/src.c
gcc: error: unrecognized command line option '-Wself-assign'
CMakeFiles/cmTryCompileExec1952453673.dir/build.make:57: recipe for target 'CMakeFiles/cmTryCompileExec1952453673.dir/src.c.o' failed
make[1]: Leaving directory '/home/nico/stage/runtime-build/CMakeFiles/CMakeTmp'
make[1]: *** [CMakeFiles/cmTryCompileExec1952453673.dir/src.c.o] Error 1
Makefile:117: recipe for target 'cmTryCompileExec1952453673/fast' failed
make: *** [cmTryCompileExec1952453673/fast] Error 2

Source file was:
int main(void) { return 0; }
Performing C SOURCE FILE Test LIBOMP_HAVE_WNO_VLA_EXTENSION_FLAG failed with the following output:
Change Dir: /home/nico/stage/runtime-build/CMakeFiles/CMakeTmp

Run Build Command:"/usr/bin/make" "cmTryCompileExec3618336604/fast"
/usr/bin/make -f CMakeFiles/cmTryCompileExec3618336604.dir/build.make CMakeFiles/cmTryCompileExec3618336604.dir/build
make[1]: Entering directory '/home/nico/stage/runtime-build/CMakeFiles/CMakeTmp'
/usr/bin/cmake -E cmake_progress_report /home/nico/stage/runtime-build/CMakeFiles/CMakeTmp/CMakeFiles 1
Building C object CMakeFiles/cmTryCompileExec3618336604.dir/src.c.o
/usr/bin/gcc   -DLIBOMP_HAVE_WNO_VLA_EXTENSION_FLAG   -Wvla-extension -o CMakeFiles/cmTryCompileExec3618336604.dir/src.c.o   -c /home/nico/stage/runtime-build/CMakeFiles/CMakeTmp/src.c
gcc: error: unrecognized command line option '-Wvla-extension'
CMakeFiles/cmTryCompileExec3618336604.dir/build.make:57: recipe for target 'CMakeFiles/cmTryCompileExec3618336604.dir/src.c.o' failed
make[1]: Leaving directory '/home/nico/stage/runtime-build/CMakeFiles/CMakeTmp'
make[1]: *** [CMakeFiles/cmTryCompileExec3618336604.dir/src.c.o] Error 1
Makefile:117: recipe for target 'cmTryCompileExec3618336604/fast' failed
make: *** [cmTryCompileExec3618336604/fast] Error 2

Source file was:
int main(void) { return 0; }
Performing C SOURCE FILE Test LIBOMP_HAVE_WNO_FORMAT_PEDANTIC_FLAG failed with the following output:
Change Dir: /home/nico/stage/runtime-build/CMakeFiles/CMakeTmp

Run Build Command:"/usr/bin/make" "cmTryCompileExec3080827065/fast"
/usr/bin/make -f CMakeFiles/cmTryCompileExec3080827065.dir/build.make CMakeFiles/cmTryCompileExec3080827065.dir/build
make[1]: Entering directory '/home/nico/stage/runtime-build/CMakeFiles/CMakeTmp'
/usr/bin/cmake -E cmake_progress_report /home/nico/stage/runtime-build/CMakeFiles/CMakeTmp/CMakeFiles 1
Building C object CMakeFiles/cmTryCompileExec3080827065.dir/src.c.o
/usr/bin/gcc   -DLIBOMP_HAVE_WNO_FORMAT_PEDANTIC_FLAG   -Wformat-pedantic -o CMakeFiles/cmTryCompileExec3080827065.dir/src.c.o   -c /home/nico/stage/runtime-build/CMakeFiles/CMakeTmp/src.c
gcc: error: unrecognized command line option '-Wformat-pedantic'
CMakeFiles/cmTryCompileExec3080827065.dir/build.make:57: recipe for target 'CMakeFiles/cmTryCompileExec3080827065.dir/src.c.o' failed
make[1]: Leaving directory '/home/nico/stage/runtime-build/CMakeFiles/CMakeTmp'
make[1]: *** [CMakeFiles/cmTryCompileExec3080827065.dir/src.c.o] Error 1
Makefile:117: recipe for target 'cmTryCompileExec3080827065/fast' failed
make: *** [cmTryCompileExec3080827065/fast] Error 2

Source file was:
int main(void) { return 0; }
Performing C SOURCE FILE Test LIBOMP_HAVE_MMIC_FLAG failed with the following output:
Change Dir: /home/nico/stage/runtime-build/CMakeFiles/CMakeTmp

Run Build Command:"/usr/bin/make" "cmTryCompileExec3414137836/fast"
/usr/bin/make -f CMakeFiles/cmTryCompileExec3414137836.dir/build.make CMakeFiles/cmTryCompileExec3414137836.dir/build
make[1]: Entering directory '/home/nico/stage/runtime-build/CMakeFiles/CMakeTmp'
/usr/bin/cmake -E cmake_progress_report /home/nico/stage/runtime-build/CMakeFiles/CMakeTmp/CMakeFiles 1
Building C object CMakeFiles/cmTryCompileExec3414137836.dir/src.c.o
/usr/bin/gcc   -DLIBOMP_HAVE_MMIC_FLAG -mmic   -mmic -o CMakeFiles/cmTryCompileExec3414137836.dir/src.c.o   -c /home/nico/stage/runtime-build/CMakeFiles/CMakeTmp/src.c
gcc: error: unrecognized command line option '-mmic'
gcc: error: unrecognized command line option '-mmic'
CMakeFiles/cmTryCompileExec3414137836.dir/build.make:57: recipe for target 'CMakeFiles/cmTryCompileExec3414137836.dir/src.c.o' failed
make[1]: Leaving directory '/home/nico/stage/runtime-build/CMakeFiles/CMakeTmp'
make[1]: *** [CMakeFiles/cmTryCompileExec3414137836.dir/src.c.o] Error 1
Makefile:117: recipe for target 'cmTryCompileExec3414137836/fast' failed
make: *** [cmTryCompileExec3414137836/fast] Error 2

Source file was:
int main(void) { return 0; }
Performing C SOURCE FILE Test LIBOMP_HAVE_M32_FLAG failed with the following output:
Change Dir: /home/nico/stage/runtime-build/CMakeFiles/CMakeTmp

Run Build Command:"/usr/bin/make" "cmTryCompileExec269786369/fast"
/usr/bin/make -f CMakeFiles/cmTryCompileExec269786369.dir/build.make CMakeFiles/cmTryCompileExec269786369.dir/build
make[1]: Entering directory '/home/nico/stage/runtime-build/CMakeFiles/CMakeTmp'
/usr/bin/cmake -E cmake_progress_report /home/nico/stage/runtime-build/CMakeFiles/CMakeTmp/CMakeFiles 1
Building C object CMakeFiles/cmTryCompileExec269786369.dir/src.c.o
/usr/bin/gcc   -DLIBOMP_HAVE_M32_FLAG -m32   -m32 -o CMakeFiles/cmTryCompileExec269786369.dir/src.c.o   -c /home/nico/stage/runtime-build/CMakeFiles/CMakeTmp/src.c
Linking C executable cmTryCompileExec269786369
/usr/bin/cmake -E cmake_link_script CMakeFiles/cmTryCompileExec269786369.dir/link.txt --verbose=1
/usr/bin/gcc   -DLIBOMP_HAVE_M32_FLAG -m32    CMakeFiles/cmTryCompileExec269786369.dir/src.c.o  -o cmTryCompileExec269786369 -rdynamic 
/usr/bin/ld: cannot find crt1.o: No such file or directory
/usr/bin/ld: cannot find crti.o: No such file or directory
/usr/bin/ld: skipping incompatible /usr/lib/gcc/x86_64-linux-gnu/5/libgcc.a when searching for -lgcc
/usr/bin/ld: cannot find -lgcc
/usr/bin/ld: skipping incompatible /usr/lib/gcc/x86_64-linux-gnu/5/libgcc_s.so when searching for -lgcc_s
/usr/bin/ld: cannot find -lgcc_s
/usr/bin/ld: cannot find -lc
/usr/bin/ld: skipping incompatible /usr/lib/gcc/x86_64-linux-gnu/5/libgcc.a when searching for -lgcc
/usr/bin/ld: cannot find -lgcc
/usr/bin/ld: skipping incompatible /usr/lib/gcc/x86_64-linux-gnu/5/libgcc_s.so when searching for -lgcc_s
/usr/bin/ld: cannot find -lgcc_s
/usr/bin/ld: cannot find crtn.o: No such file or directory
collect2: error: ld returned 1 exit status
CMakeFiles/cmTryCompileExec269786369.dir/build.make:88: recipe for target 'cmTryCompileExec269786369' failed
make[1]: Leaving directory '/home/nico/stage/runtime-build/CMakeFiles/CMakeTmp'
make[1]: *** [cmTryCompileExec269786369] Error 1
Makefile:117: recipe for target 'cmTryCompileExec269786369/fast' failed
make: *** [cmTryCompileExec269786369/fast] Error 2

Source file was:
int main(void) { return 0; }
Determining if the pthread_create exist failed with the following output:
Change Dir: /home/nico/stage/runtime-build/CMakeFiles/CMakeTmp

Run Build Command:"/usr/bin/make" "cmTryCompileExec35348071/fast"
/usr/bin/make -f CMakeFiles/cmTryCompileExec35348071.dir/build.make CMakeFiles/cmTryCompileExec35348071.dir/build
make[1]: Entering directory '/home/nico/stage/runtime-build/CMakeFiles/CMakeTmp'
/usr/bin/cmake -E cmake_progress_report /home/nico/stage/runtime-build/CMakeFiles/CMakeTmp/CMakeFiles 1
Building C object CMakeFiles/cmTryCompileExec35348071.dir/CheckSymbolExists.c.o
/usr/bin/gcc    -o CMakeFiles/cmTryCompileExec35348071.dir/CheckSymbolExists.c.o   -c /home/nico/stage/runtime-build/CMakeFiles/CMakeTmp/CheckSymbolExists.c
Linking C executable cmTryCompileExec35348071
/usr/bin/cmake -E cmake_link_script CMakeFiles/cmTryCompileExec35348071.dir/link.txt --verbose=1
/usr/bin/gcc       CMakeFiles/cmTryCompileExec35348071.dir/CheckSymbolExists.c.o  -o cmTryCompileExec35348071 -rdynamic 
CMakeFiles/cmTryCompileExec35348071.dir/CheckSymbolExists.c.o: dans la fonction « main »:
CheckSymbolExists.c:(.text+0x16): référence indéfinie vers « pthread_create »
collect2: error: ld returned 1 exit status
CMakeFiles/cmTryCompileExec35348071.dir/build.make:88: recipe for target 'cmTryCompileExec35348071' failed
make[1]: Leaving directory '/home/nico/stage/runtime-build/CMakeFiles/CMakeTmp'
make[1]: *** [cmTryCompileExec35348071] Error 1
Makefile:117: recipe for target 'cmTryCompileExec35348071/fast' failed
make: *** [cmTryCompileExec35348071/fast] Error 2

File /home/nico/stage/runtime-build/CMakeFiles/CMakeTmp/CheckSymbolExists.c:
/* */
#include <pthread.h>

int main(int argc, char** argv)
{
  (void)argv;
#ifndef pthread_create
  return ((int*)(&pthread_create))[argc];
#else
  (void)argc;
  return 0;
#endif
}

Determining if the function pthread_create exists in the pthreads failed with the following output:
Change Dir: /home/nico/stage/runtime-build/CMakeFiles/CMakeTmp

Run Build Command:"/usr/bin/make" "cmTryCompileExec70151255/fast"
/usr/bin/make -f CMakeFiles/cmTryCompileExec70151255.dir/build.make CMakeFiles/cmTryCompileExec70151255.dir/build
make[1]: Entering directory '/home/nico/stage/runtime-build/CMakeFiles/CMakeTmp'
/usr/bin/cmake -E cmake_progress_report /home/nico/stage/runtime-build/CMakeFiles/CMakeTmp/CMakeFiles 1
Building C object CMakeFiles/cmTryCompileExec70151255.dir/CheckFunctionExists.c.o
/usr/bin/gcc   -DCHECK_FUNCTION_EXISTS=pthread_create   -o CMakeFiles/cmTryCompileExec70151255.dir/CheckFunctionExists.c.o   -c /usr/share/cmake-3.2/Modules/CheckFunctionExists.c
Linking C executable cmTryCompileExec70151255
/usr/bin/cmake -E cmake_link_script CMakeFiles/cmTryCompileExec70151255.dir/link.txt --verbose=1
/usr/bin/gcc   -DCHECK_FUNCTION_EXISTS=pthread_create    CMakeFiles/cmTryCompileExec70151255.dir/CheckFunctionExists.c.o  -o cmTryCompileExec70151255 -rdynamic -lpthreads 
/usr/bin/ld: ne peut trouver -lpthreads
collect2: error: ld returned 1 exit status
CMakeFiles/cmTryCompileExec70151255.dir/build.make:88: recipe for target 'cmTryCompileExec70151255' failed
make[1]: Leaving directory '/home/nico/stage/runtime-build/CMakeFiles/CMakeTmp'
make[1]: *** [cmTryCompileExec70151255] Error 1
Makefile:117: recipe for target 'cmTryCompileExec70151255/fast' failed
make: *** [cmTryCompileExec70151255/fast] Error 2


Determining if files windows.h;psapi.h exist failed with the following output:
Change Dir: /home/nico/stage/runtime-build/CMakeFiles/CMakeTmp

Run Build Command:"/usr/bin/make" "cmTryCompileExec1236529532/fast"
/usr/bin/make -f CMakeFiles/cmTryCompileExec1236529532.dir/build.make CMakeFiles/cmTryCompileExec1236529532.dir/build
make[1]: Entering directory '/home/nico/stage/runtime-build/CMakeFiles/CMakeTmp'
/usr/bin/cmake -E cmake_progress_report /home/nico/stage/runtime-build/CMakeFiles/CMakeTmp/CMakeFiles 1
Building C object CMakeFiles/cmTryCompileExec1236529532.dir/CheckIncludeFiles.c.o
/usr/bin/gcc    -o CMakeFiles/cmTryCompileExec1236529532.dir/CheckIncludeFiles.c.o   -c /home/nico/stage/runtime-build/CMakeFiles/CMakeTmp/CheckIncludeFiles.c
/home/nico/stage/runtime-build/CMakeFiles/CMakeTmp/CheckIncludeFiles.c:2:21: fatal error: windows.h: Aucun fichier ou dossier de ce type
compilation terminated.
CMakeFiles/cmTryCompileExec1236529532.dir/build.make:57: recipe for target 'CMakeFiles/cmTryCompileExec1236529532.dir/CheckIncludeFiles.c.o' failed
make[1]: Leaving directory '/home/nico/stage/runtime-build/CMakeFiles/CMakeTmp'
make[1]: *** [CMakeFiles/cmTryCompileExec1236529532.dir/CheckIncludeFiles.c.o] Error 1
Makefile:117: recipe for target 'cmTryCompileExec1236529532/fast' failed
make: *** [cmTryCompileExec1236529532/fast] Error 2

Source:
/* */
#include <windows.h>
#include <psapi.h>


int main(void){return 0;}

Determining if the function EnumProcessModules exists in the psapi failed with the following output:
Change Dir: /home/nico/stage/runtime-build/CMakeFiles/CMakeTmp

Run Build Command:"/usr/bin/make" "cmTryCompileExec547226529/fast"
/usr/bin/make -f CMakeFiles/cmTryCompileExec547226529.dir/build.make CMakeFiles/cmTryCompileExec547226529.dir/build
make[1]: Entering directory '/home/nico/stage/runtime-build/CMakeFiles/CMakeTmp'
/usr/bin/cmake -E cmake_progress_report /home/nico/stage/runtime-build/CMakeFiles/CMakeTmp/CMakeFiles 1
Building C object CMakeFiles/cmTryCompileExec547226529.dir/CheckFunctionExists.c.o
/usr/bin/gcc   -DCHECK_FUNCTION_EXISTS=EnumProcessModules   -o CMakeFiles/cmTryCompileExec547226529.dir/CheckFunctionExists.c.o   -c /usr/share/cmake-3.2/Modules/CheckFunctionExists.c
Linking C executable cmTryCompileExec547226529
/usr/bin/cmake -E cmake_link_script CMakeFiles/cmTryCompileExec547226529.dir/link.txt --verbose=1
/usr/bin/gcc   -DCHECK_FUNCTION_EXISTS=EnumProcessModules    CMakeFiles/cmTryCompileExec547226529.dir/CheckFunctionExists.c.o  -o cmTryCompileExec547226529 -rdynamic -lpsapi 
/usr/bin/ld: ne peut trouver -lpsapi
collect2: error: ld returned 1 exit status
CMakeFiles/cmTryCompileExec547226529.dir/build.make:88: recipe for target 'cmTryCompileExec547226529' failed
make[1]: Leaving directory '/home/nico/stage/runtime-build/CMakeFiles/CMakeTmp'
make[1]: *** [cmTryCompileExec547226529] Error 1
Makefile:117: recipe for target 'cmTryCompileExec547226529/fast' failed
make: *** [cmTryCompileExec547226529/fast] Error 2


